/home/chip/work/polaris/input/0001/2722039995 ТСЖ Сибирская,32.zip
/home/chip/work/polaris/input/0001/2901184942 Гайдаровец тсж.zip
/home/chip/work/polaris/input/0001/5024214314 ПЕРВЫЙ долг.zip
/home/chip/work/polaris/input/0001/5408182388 ТСЖ Академ-Уют.zip
/home/chip/work/polaris/input/0001/5904376408 ТСЖ ВИЖАЙСКАЯ 20.ZIP
/home/chip/work/polaris/input/0001/5905240015 ТСЖ Мира,45.zip
/home/chip/work/polaris/input/0001/5914007720 ТСЖ НАШ ДВОР.zip
/home/chip/work/polaris/input/0001/5948047471 ТСН Нижнемуллинская 3.zip
/home/chip/work/polaris/input/0001/6449035426 Терем тсж.zip
/home/chip/work/polaris/input/0001/7704318554 ТСН ЕРОПКИНСКИЙ 16.ZIP
/home/chip/work/polaris/input/0001/7728463920 Беляево тсж.zip
/home/chip/work/polaris/input/0001/7838413520 Резиденция на Крестовском.zip
;/home/chip/work/polaris/input/0000/0721021631 ТСЖ Комфорт.zip
;/home/chip/work/polaris/input/0000/5906147690 Камский Берег тсж.zip
;/home/chip/work/polaris/input/0000/5907037241 ЖК Высотка.zip
;/home/chip/work/polaris/input/0000/5933008141 ТСЖ ЖК Карагайский.zip
;/home/chip/work/polaris/input/0000/7801394857 ТСЖ УЮТ.ZIP
;/home/chip/work/polaris/input/0011/0323401948 МУП ЖКХ ОНОХОЙ.ZIP
;/home/chip/work/polaris/input/44/6168011973 Галс тсж.zip
;/home/chip/work/polaris/input/0200/7816014138 656 жск.zip
;/home/chip/work/polaris/input/0300/2722039995 ТСЖ Сибирская,32.zip
;/home/chip/work/polaris/input/0300/5948047471 ТСН Нижнемуллинская 3.zip
;/home/chip/work/polaris/input/0300/6450090460 ООО КОМФОРТСИТИ.ZIP
;/home/chip/work/polaris/input/0300/6903005402 106 жск.zip
;/home/chip/work/polaris/input/0300/7604140807 ТСН ТСЖ СОЮЗ-1.ZIP

